[debug] [2023-04-11T16:45:43.913Z] ----------------------------------------------------------------------
[debug] [2023-04-11T16:45:43.915Z] Command:       C:\Program Files\nodejs\node.exe C:\Users\ASUS\AppData\Roaming\npm\node_modules\firebase-tools\lib\bin\firebase.js init
[debug] [2023-04-11T16:45:43.915Z] CLI Version:   11.25.3
[debug] [2023-04-11T16:45:43.915Z] Platform:      win32
[debug] [2023-04-11T16:45:43.915Z] Node Version:  v16.13.1
[debug] [2023-04-11T16:45:43.916Z] Time:          Tue Apr 11 2023 22:15:43 GMT+0530 (India Standard Time)
[debug] [2023-04-11T16:45:43.916Z] ----------------------------------------------------------------------
[debug] 
[debug] [2023-04-11T16:45:43.921Z] > command requires scopes: ["email","openid","https://www.googleapis.com/auth/cloudplatformprojects.readonly","https://www.googleapis.com/auth/firebase","https://www.googleapis.com/auth/cloud-platform"]
[debug] [2023-04-11T16:45:43.922Z] > authorizing via signed-in user (tharindunirmala99@gmail.com)
[info] 
     ######## #### ########  ######## ########     ###     ######  ########
     ##        ##  ##     ## ##       ##     ##  ##   ##  ##       ##
     ######    ##  ########  ######   ########  #########  ######  ######
     ##        ##  ##    ##  ##       ##     ## ##     ##       ## ##
     ##       #### ##     ## ######## ########  ##     ##  ######  ########

You're about to initialize a Firebase project in this directory:

  C:\ReactNative\ToDo

Before we get started, keep in mind:

  * You are currently outside your home directory

